\BOOKMARK [0][-]{chapter.1}{Introduzione}{}% 1
\BOOKMARK [0][-]{chapter.2}{Concetti Preliminari}{}% 2
\BOOKMARK [1][-]{section.2.1}{Funzioni di hash}{chapter.2}% 3
\BOOKMARK [1][-]{section.2.2}{VCS e Git}{chapter.2}% 4
\BOOKMARK [1][-]{section.2.3}{Blockchain ed Ethereum}{chapter.2}% 5
\BOOKMARK [1][-]{section.2.4}{Accumulatori crittografici e Merkle Tree}{chapter.2}% 6
\BOOKMARK [1][-]{section.2.5}{JSON}{chapter.2}% 7
\BOOKMARK [0][-]{chapter.3}{Il Problema e L\220Obiettivo}{}% 8
\BOOKMARK [1][-]{section.3.1}{L\220obiettivo del nostro sistema}{chapter.3}% 9
\BOOKMARK [1][-]{section.3.2}{La questione della memorizzazione}{chapter.3}% 10
\BOOKMARK [0][-]{chapter.4}{Il Software PineSU}{}% 11
\BOOKMARK [1][-]{section.4.1}{Workflow}{chapter.4}% 12
\BOOKMARK [1][-]{section.4.2}{Architettura}{chapter.4}% 13
\BOOKMARK [1][-]{section.4.3}{Moduli in dettaglio}{chapter.4}% 14
\BOOKMARK [2][-]{subsection.4.3.1}{PineSU CLI}{section.4.3}% 15
\BOOKMARK [2][-]{subsection.4.3.2}{PineSU BEL}{section.4.3}% 16
\BOOKMARK [2][-]{subsection.4.3.3}{Excursus sul Merkle Calendar}{section.4.3}% 17
\BOOKMARK [2][-]{subsection.4.3.4}{PineSU EC}{section.4.3}% 18
\BOOKMARK [2][-]{subsection.4.3.5}{PineSU GC}{section.4.3}% 19
\BOOKMARK [2][-]{subsection.4.3.6}{PineSU SM}{section.4.3}% 20
\BOOKMARK [1][-]{section.4.4}{Funzionalit\340}{chapter.4}% 21
\BOOKMARK [2][-]{subsection.4.4.1}{Creazione di una Storage Unit o Ricalcolo di una Storage Unit pre-esistente}{section.4.4}% 22
\BOOKMARK [2][-]{subsection.4.4.2}{Staging di una Storage Unit nello Storage Group}{section.4.4}% 23
\BOOKMARK [2][-]{subsection.4.4.3}{Registrazione dello Storage Group nella Blockchain}{section.4.4}% 24
\BOOKMARK [2][-]{subsection.4.4.4}{Chiusura di una Storage Unit}{section.4.4}% 25
\BOOKMARK [2][-]{subsection.4.4.5}{Esportazione di sottoinsiemi di file da una SU}{section.4.4}% 26
\BOOKMARK [2][-]{subsection.4.4.6}{Controllo di integrit\340 di singoli file esportati da altre SU}{section.4.4}% 27
\BOOKMARK [2][-]{subsection.4.4.7}{Controllo di integrit\340 su una SU}{section.4.4}% 28
\BOOKMARK [0][-]{chapter.5}{Dimostrazioni d\220uso per il fine preposto}{}% 29
\BOOKMARK [1][-]{section.5.1}{Prima inizializzazione}{chapter.5}% 30
\BOOKMARK [1][-]{section.5.2}{Creazione delle Storage Unit}{chapter.5}% 31
\BOOKMARK [1][-]{section.5.3}{Staging delle Storage Unit}{chapter.5}% 32
\BOOKMARK [1][-]{section.5.4}{Registrazione su Blockchain}{chapter.5}% 33
\BOOKMARK [1][-]{section.5.5}{Verifica d\220integrit\340 di una Storage Unit}{chapter.5}% 34
\BOOKMARK [1][-]{section.5.6}{Esportazione di file da una Storage Unit}{chapter.5}% 35
\BOOKMARK [1][-]{section.5.7}{Chiusura di una Storage Unit}{chapter.5}% 36
\BOOKMARK [1][-]{section.5.8}{Verifica d\220integrit\340 di file esportati}{chapter.5}% 37
\BOOKMARK [0][-]{chapter.6}{Conclusioni e Sviluppi Futuri}{}% 38
\BOOKMARK [0][-]{chapter.7}{Bibliografia}{}% 39
