This is pdfTeX, Version 3.141592653-2.6-1.40.22 (MiKTeX 21.2) (preloaded format=pdflatex 2021.4.19)  14 SEP 2021 13:12
entering extended mode
**c:/Users/Paolo/Dropbox/Tesi/Presentazione/Presentazione.tex
(c:/Users/Paolo/Dropbox/Tesi/Presentazione/Presentazione.tex
LaTeX2e <2020-10-01> patch level 4
L3 programming layer <2021-02-18> xparse <2020-03-03> (C:\Users\Paolo\AppData\Local\Programs\MiKTeX\tex/latex/beamer\beamer.cls
Document Class: beamer 2021/03/19 v3.62 A class for typesetting presentations
(C:\Users\Paolo\AppData\Local\Programs\MiKTeX\tex/latex/beamer\beamerbasemodes.sty (C:\Users\Paolo\AppData\Local\Programs\MiKTeX\tex/latex/etoolbox\etoolbox.sty
Package: etoolbox 2020/10/05 v2.5k e-TeX tools for LaTeX (JAW)
\etb@tempcnta=\count179
)
\beamer@tempbox=\box47
\beamer@tempcount=\count180
\c@beamerpauses=\count181
 (C:\Users\Paolo\AppData\Local\Programs\MiKTeX\tex/latex/beamer\beamerbasedecode.sty
\beamer@slideinframe=\count182
\beamer@minimum=\count183
\beamer@decode@box=\box48
)
\beamer@commentbox=\box49
\beamer@modecount=\count184
) (C:\Users\Paolo\AppData\Local\Programs\MiKTeX\tex/generic/iftex\ifpdf.sty
Package: ifpdf 2019/10/25 v3.4 ifpdf legacy package. Use iftex instead.
 (C:\Users\Paolo\AppData\Local\Programs\MiKTeX\tex/generic/iftex\iftex.sty
Package: iftex 2020/03/06 v1.0d TeX engine tests
))
\headdp=\dimen138
\footheight=\dimen139
\sidebarheight=\dimen140
\beamer@tempdim=\dimen141
\beamer@finalheight=\dimen142
\beamer@animht=\dimen143
\beamer@animdp=\dimen144
\beamer@animwd=\dimen145
\beamer@leftmargin=\dimen146
\beamer@rightmargin=\dimen147
\beamer@leftsidebar=\dimen148
\beamer@rightsidebar=\dimen149
\beamer@boxsize=\dimen150
\beamer@vboxoffset=\dimen151
\beamer@descdefault=\dimen152
\beamer@descriptionwidth=\dimen153
\beamer@lastskip=\skip47
\beamer@areabox=\box50
\beamer@animcurrent=\box51
\beamer@animshowbox=\box52
\beamer@sectionbox=\box53
\beamer@logobox=\box54
\beamer@linebox=\box55
\beamer@sectioncount=\count185
\beamer@subsubsectionmax=\count186
\beamer@subsectionmax=\count187
\beamer@sectionmax=\count188
\beamer@totalheads=\count189
\beamer@headcounter=\count190
\beamer@partstartpage=\count191
\beamer@sectionstartpage=\count192
\beamer@subsectionstartpage=\count193
\beamer@animationtempa=\count194
\beamer@animationtempb=\count195
\beamer@xpos=\count196
\beamer@ypos=\count197
\beamer@ypos@offset=\count198
\beamer@showpartnumber=\count199
\beamer@currentsubsection=\count266
\beamer@coveringdepth=\count267
\beamer@sectionadjust=\count268
\beamer@tocsectionnumber=\count269
 (C:\Users\Paolo\AppData\Local\Programs\MiKTeX\tex/latex/beamer\beamerbaseoptions.sty (C:\Users\Paolo\AppData\Local\Programs\MiKTeX\tex/latex/graphics\keyval.sty
Package: keyval 2014/10/28 v1.15 key=value parser (DPC)
\KV@toks@=\toks15
))
\beamer@paperwidth=\skip48
\beamer@paperheight=\skip49
 (C:\Users\Paolo\AppData\Local\Programs\MiKTeX\tex/latex/geometry\geometry.sty
Package: geometry 2020/01/02 v5.9 Page Geometry
 (C:\Users\Paolo\AppData\Local\Programs\MiKTeX\tex/generic/iftex\ifvtex.sty
Package: ifvtex 2019/10/25 v1.7 ifvtex legacy package. Use iftex instead.
)
\Gm@cnth=\count270
\Gm@cntv=\count271
\c@Gm@tempcnt=\count272
\Gm@bindingoffset=\dimen154
\Gm@wd@mp=\dimen155
\Gm@odd@mp=\dimen156
\Gm@even@mp=\dimen157
\Gm@layoutwidth=\dimen158
\Gm@layoutheight=\dimen159
\Gm@layouthoffset=\dimen160
\Gm@layoutvoffset=\dimen161
\Gm@dimlist=\toks16
 (C:\Users\Paolo\AppData\Local\Programs\MiKTeX\tex/latex/geometry\geometry.cfg)) (C:\Users\Paolo\AppData\Local\Programs\MiKTeX\tex/latex/base\size11.clo
File: size11.clo 2020/04/10 v1.4m Standard LaTeX file (size option)
) (C:\Users\Paolo\AppData\Local\Programs\MiKTeX\tex/latex/pgf/basiclayer\pgfcore.sty (C:\Users\Paolo\AppData\Local\Programs\MiKTeX\tex/latex/graphics\graphicx.sty
Package: graphicx 2020/09/09 v1.2b Enhanced LaTeX Graphics (DPC,SPQR)
 (C:\Users\Paolo\AppData\Local\Programs\MiKTeX\tex/latex/graphics\graphics.sty
Package: graphics 2020/08/30 v1.4c Standard LaTeX Graphics (DPC,SPQR)
 (C:\Users\Paolo\AppData\Local\Programs\MiKTeX\tex/latex/graphics\trig.sty
Package: trig 2016/01/03 v1.10 sin cos tan (DPC)
) (C:\Users\Paolo\AppData\Local\Programs\MiKTeX\tex/latex/graphics-cfg\graphics.cfg
File: graphics.cfg 2016/06/04 v1.11 sample graphics configuration
)
Package graphics Info: Driver file: pdftex.def on input line 105.
 (C:\Users\Paolo\AppData\Local\Programs\MiKTeX\tex/latex/graphics-def\pdftex.def
File: pdftex.def 2020/10/05 v1.2a Graphics/color driver for pdftex
))
\Gin@req@height=\dimen162
\Gin@req@width=\dimen163
) (C:\Users\Paolo\AppData\Local\Programs\MiKTeX\tex/latex/pgf/systemlayer\pgfsys.sty (C:\Users\Paolo\AppData\Local\Programs\MiKTeX\tex/latex/pgf/utilities\pgfrcs.sty (C:\Users\Paolo\AppData\Local\Programs\MiKTeX\tex/generic/pgf/utilities\pgfutil-common.tex
\pgfutil@everybye=\toks17
\pgfutil@tempdima=\dimen164
\pgfutil@tempdimb=\dimen165
 (C:\Users\Paolo\AppData\Local\Programs\MiKTeX\tex/generic/pgf/utilities\pgfutil-common-lists.tex)) (C:\Users\Paolo\AppData\Local\Programs\MiKTeX\tex/generic/pgf/utilities\pgfutil-latex.def
\pgfutil@abb=\box56
) (C:\Users\Paolo\AppData\Local\Programs\MiKTeX\tex/generic/pgf/utilities\pgfrcs.code.tex (C:\Users\Paolo\AppData\Local\Programs\MiKTeX\tex/generic/pgf\pgf.revision.tex)
Package: pgfrcs 2020/12/27 v3.1.8b (3.1.8b)
)) (C:\Users\Paolo\AppData\Local\Programs\MiKTeX\tex/generic/pgf/systemlayer\pgfsys.code.tex
Package: pgfsys 2020/12/27 v3.1.8b (3.1.8b)
 (C:\Users\Paolo\AppData\Local\Programs\MiKTeX\tex/generic/pgf/utilities\pgfkeys.code.tex
\pgfkeys@pathtoks=\toks18
\pgfkeys@temptoks=\toks19
 (C:\Users\Paolo\AppData\Local\Programs\MiKTeX\tex/generic/pgf/utilities\pgfkeysfiltered.code.tex
\pgfkeys@tmptoks=\toks20
))
\pgf@x=\dimen166
\pgf@y=\dimen167
\pgf@xa=\dimen168
\pgf@ya=\dimen169
\pgf@xb=\dimen170
\pgf@yb=\dimen171
\pgf@xc=\dimen172
\pgf@yc=\dimen173
\pgf@xd=\dimen174
\pgf@yd=\dimen175
\w@pgf@writea=\write3
\r@pgf@reada=\read2
\c@pgf@counta=\count273
\c@pgf@countb=\count274
\c@pgf@countc=\count275
\c@pgf@countd=\count276
\t@pgf@toka=\toks21
\t@pgf@tokb=\toks22
\t@pgf@tokc=\toks23
\pgf@sys@id@count=\count277
 (C:\Users\Paolo\AppData\Local\Programs\MiKTeX\tex/generic/pgf/systemlayer\pgf.cfg
File: pgf.cfg 2020/12/27 v3.1.8b (3.1.8b)
)
Driver file for pgf: pgfsys-pdftex.def
 (C:\Users\Paolo\AppData\Local\Programs\MiKTeX\tex/generic/pgf/systemlayer\pgfsys-pdftex.def
File: pgfsys-pdftex.def 2020/12/27 v3.1.8b (3.1.8b)
 (C:\Users\Paolo\AppData\Local\Programs\MiKTeX\tex/generic/pgf/systemlayer\pgfsys-common-pdf.def
File: pgfsys-common-pdf.def 2020/12/27 v3.1.8b (3.1.8b)
))) (C:\Users\Paolo\AppData\Local\Programs\MiKTeX\tex/generic/pgf/systemlayer\pgfsyssoftpath.code.tex
File: pgfsyssoftpath.code.tex 2020/12/27 v3.1.8b (3.1.8b)
\pgfsyssoftpath@smallbuffer@items=\count278
\pgfsyssoftpath@bigbuffer@items=\count279
) (C:\Users\Paolo\AppData\Local\Programs\MiKTeX\tex/generic/pgf/systemlayer\pgfsysprotocol.code.tex
File: pgfsysprotocol.code.tex 2020/12/27 v3.1.8b (3.1.8b)
)) (C:\Users\Paolo\AppData\Local\Programs\MiKTeX\tex/latex/xcolor\xcolor.sty
Package: xcolor 2016/05/11 v2.12 LaTeX color extensions (UK)
 (C:\Users\Paolo\AppData\Local\Programs\MiKTeX\tex/latex/graphics-cfg\color.cfg
File: color.cfg 2016/01/02 v1.6 sample color configuration
)
Package xcolor Info: Driver file: pdftex.def on input line 225.
Package xcolor Info: Model `cmy' substituted by `cmy0' on input line 1348.
Package xcolor Info: Model `hsb' substituted by `rgb' on input line 1352.
Package xcolor Info: Model `RGB' extended on input line 1364.
Package xcolor Info: Model `HTML' substituted by `rgb' on input line 1366.
Package xcolor Info: Model `Hsb' substituted by `hsb' on input line 1367.
Package xcolor Info: Model `tHsb' substituted by `hsb' on input line 1368.
Package xcolor Info: Model `HSB' substituted by `hsb' on input line 1369.
Package xcolor Info: Model `Gray' substituted by `gray' on input line 1370.
Package xcolor Info: Model `wave' substituted by `hsb' on input line 1371.
) (C:\Users\Paolo\AppData\Local\Programs\MiKTeX\tex/generic/pgf/basiclayer\pgfcore.code.tex
Package: pgfcore 2020/12/27 v3.1.8b (3.1.8b)
 (C:\Users\Paolo\AppData\Local\Programs\MiKTeX\tex/generic/pgf/math\pgfmath.code.tex (C:\Users\Paolo\AppData\Local\Programs\MiKTeX\tex/generic/pgf/math\pgfmathcalc.code.tex (C:\Users\Paolo\AppData\Local\Programs\MiKTeX\tex/generic/pgf/math\pgfmathutil.code.tex) (C:\Users\Paolo\AppData\Local\Programs\MiKTeX\tex/generic/pgf/math\pgfmathparser.code.tex
\pgfmath@dimen=\dimen176
\pgfmath@count=\count280
\pgfmath@box=\box57
\pgfmath@toks=\toks24
\pgfmath@stack@operand=\toks25
\pgfmath@stack@operation=\toks26
) (C:\Users\Paolo\AppData\Local\Programs\MiKTeX\tex/generic/pgf/math\pgfmathfunctions.code.tex (C:\Users\Paolo\AppData\Local\Programs\MiKTeX\tex/generic/pgf/math\pgfmathfunctions.basic.code.tex) (C:\Users\Paolo\AppData\Local\Programs\MiKTeX\tex/generic/pgf/math\pgfmathfunctions.trigonometric.code.tex) (C:\Users\Paolo\AppData\Local\Programs\MiKTeX\tex/generic/pgf/math\pgfmathfunctions.random.code.tex) (C:\Users\Paolo\AppData\Local\Programs\MiKTeX\tex/generic/pgf/math\pgfmathfunctions.comparison.code.tex) (C:\Users\Paolo\AppData\Local\Programs\MiKTeX\tex/generic/pgf/math\pgfmathfunctions.base.code.tex) (C:\Users\Paolo\AppData\Local\Programs\MiKTeX\tex/generic/pgf/math\pgfmathfunctions.round.code.tex) (C:\Users\Paolo\AppData\Local\Programs\MiKTeX\tex/generic/pgf/math\pgfmathfunctions.misc.code.tex) (C:\Users\Paolo\AppData\Local\Programs\MiKTeX\tex/generic/pgf/math\pgfmathfunctions.integerarithmetics.code.tex))) (C:\Users\Paolo\AppData\Local\Programs\MiKTeX\tex/generic/pgf/math\pgfmathfloat.code.tex
\c@pgfmathroundto@lastzeros=\count281
)) (C:\Users\Paolo\AppData\Local\Programs\MiKTeX\tex/generic/pgf/math\pgfint.code.tex) (C:\Users\Paolo\AppData\Local\Programs\MiKTeX\tex/generic/pgf/basiclayer\pgfcorepoints.code.tex
File: pgfcorepoints.code.tex 2020/12/27 v3.1.8b (3.1.8b)
\pgf@picminx=\dimen177
\pgf@picmaxx=\dimen178
\pgf@picminy=\dimen179
\pgf@picmaxy=\dimen180
\pgf@pathminx=\dimen181
\pgf@pathmaxx=\dimen182
\pgf@pathminy=\dimen183
\pgf@pathmaxy=\dimen184
\pgf@xx=\dimen185
\pgf@xy=\dimen186
\pgf@yx=\dimen187
\pgf@yy=\dimen188
\pgf@zx=\dimen189
\pgf@zy=\dimen190
) (C:\Users\Paolo\AppData\Local\Programs\MiKTeX\tex/generic/pgf/basiclayer\pgfcorepathconstruct.code.tex
File: pgfcorepathconstruct.code.tex 2020/12/27 v3.1.8b (3.1.8b)
\pgf@path@lastx=\dimen191
\pgf@path@lasty=\dimen192
) (C:\Users\Paolo\AppData\Local\Programs\MiKTeX\tex/generic/pgf/basiclayer\pgfcorepathusage.code.tex
File: pgfcorepathusage.code.tex 2020/12/27 v3.1.8b (3.1.8b)
\pgf@shorten@end@additional=\dimen193
\pgf@shorten@start@additional=\dimen194
) (C:\Users\Paolo\AppData\Local\Programs\MiKTeX\tex/generic/pgf/basiclayer\pgfcorescopes.code.tex
File: pgfcorescopes.code.tex 2020/12/27 v3.1.8b (3.1.8b)
\pgfpic=\box58
\pgf@hbox=\box59
\pgf@layerbox@main=\box60
\pgf@picture@serial@count=\count282
) (C:\Users\Paolo\AppData\Local\Programs\MiKTeX\tex/generic/pgf/basiclayer\pgfcoregraphicstate.code.tex
File: pgfcoregraphicstate.code.tex 2020/12/27 v3.1.8b (3.1.8b)
\pgflinewidth=\dimen195
) (C:\Users\Paolo\AppData\Local\Programs\MiKTeX\tex/generic/pgf/basiclayer\pgfcoretransformations.code.tex
File: pgfcoretransformations.code.tex 2020/12/27 v3.1.8b (3.1.8b)
\pgf@pt@x=\dimen196
\pgf@pt@y=\dimen197
\pgf@pt@temp=\dimen198
) (C:\Users\Paolo\AppData\Local\Programs\MiKTeX\tex/generic/pgf/basiclayer\pgfcorequick.code.tex
File: pgfcorequick.code.tex 2020/12/27 v3.1.8b (3.1.8b)
) (C:\Users\Paolo\AppData\Local\Programs\MiKTeX\tex/generic/pgf/basiclayer\pgfcoreobjects.code.tex
File: pgfcoreobjects.code.tex 2020/12/27 v3.1.8b (3.1.8b)
) (C:\Users\Paolo\AppData\Local\Programs\MiKTeX\tex/generic/pgf/basiclayer\pgfcorepathprocessing.code.tex
File: pgfcorepathprocessing.code.tex 2020/12/27 v3.1.8b (3.1.8b)
) (C:\Users\Paolo\AppData\Local\Programs\MiKTeX\tex/generic/pgf/basiclayer\pgfcorearrows.code.tex
File: pgfcorearrows.code.tex 2020/12/27 v3.1.8b (3.1.8b)
\pgfarrowsep=\dimen199
) (C:\Users\Paolo\AppData\Local\Programs\MiKTeX\tex/generic/pgf/basiclayer\pgfcoreshade.code.tex
File: pgfcoreshade.code.tex 2020/12/27 v3.1.8b (3.1.8b)
\pgf@max=\dimen256
\pgf@sys@shading@range@num=\count283
\pgf@shadingcount=\count284
) (C:\Users\Paolo\AppData\Local\Programs\MiKTeX\tex/generic/pgf/basiclayer\pgfcoreimage.code.tex
File: pgfcoreimage.code.tex 2020/12/27 v3.1.8b (3.1.8b)
 (C:\Users\Paolo\AppData\Local\Programs\MiKTeX\tex/generic/pgf/basiclayer\pgfcoreexternal.code.tex
File: pgfcoreexternal.code.tex 2020/12/27 v3.1.8b (3.1.8b)
\pgfexternal@startupbox=\box61
)) (C:\Users\Paolo\AppData\Local\Programs\MiKTeX\tex/generic/pgf/basiclayer\pgfcorelayers.code.tex
File: pgfcorelayers.code.tex 2020/12/27 v3.1.8b (3.1.8b)
) (C:\Users\Paolo\AppData\Local\Programs\MiKTeX\tex/generic/pgf/basiclayer\pgfcoretransparency.code.tex
File: pgfcoretransparency.code.tex 2020/12/27 v3.1.8b (3.1.8b)
) (C:\Users\Paolo\AppData\Local\Programs\MiKTeX\tex/generic/pgf/basiclayer\pgfcorepatterns.code.tex
File: pgfcorepatterns.code.tex 2020/12/27 v3.1.8b (3.1.8b)
) (C:\Users\Paolo\AppData\Local\Programs\MiKTeX\tex/generic/pgf/basiclayer\pgfcorerdf.code.tex
File: pgfcorerdf.code.tex 2020/12/27 v3.1.8b (3.1.8b)
))) (C:\Users\Paolo\AppData\Local\Programs\MiKTeX\tex/latex/pgf/utilities\xxcolor.sty
Package: xxcolor 2003/10/24 ver 0.1
\XC@nummixins=\count285
\XC@countmixins=\count286
) (C:\Users\Paolo\AppData\Local\Programs\MiKTeX\tex/latex/base\atbegshi-ltx.sty
Package: atbegshi-ltx 2020/08/17 v1.0a Emulation of the original atbegshi package
with kernel methods
) (C:\Users\Paolo\AppData\Local\Programs\MiKTeX\tex/latex/hyperref\hyperref.sty
Package: hyperref 2021-02-10 v7.00j Hypertext links for LaTeX
 (C:\Users\Paolo\AppData\Local\Programs\MiKTeX\tex/generic/ltxcmds\ltxcmds.sty
Package: ltxcmds 2020-05-10 v1.25 LaTeX kernel commands for general use (HO)
) (C:\Users\Paolo\AppData\Local\Programs\MiKTeX\tex/generic/pdftexcmds\pdftexcmds.sty
Package: pdftexcmds 2020-06-27 v0.33 Utility functions of pdfTeX for LuaTeX (HO)
 (C:\Users\Paolo\AppData\Local\Programs\MiKTeX\tex/generic/infwarerr\infwarerr.sty
Package: infwarerr 2019/12/03 v1.5 Providing info/warning/error messages (HO)
)
Package pdftexcmds Info: \pdf@primitive is available.
Package pdftexcmds Info: \pdf@ifprimitive is available.
Package pdftexcmds Info: \pdfdraftmode found.
) (C:\Users\Paolo\AppData\Local\Programs\MiKTeX\tex/generic/kvsetkeys\kvsetkeys.sty
Package: kvsetkeys 2019/12/15 v1.18 Key value parser (HO)
) (C:\Users\Paolo\AppData\Local\Programs\MiKTeX\tex/generic/kvdefinekeys\kvdefinekeys.sty
Package: kvdefinekeys 2019-12-19 v1.6 Define keys (HO)
) (C:\Users\Paolo\AppData\Local\Programs\MiKTeX\tex/generic/pdfescape\pdfescape.sty
Package: pdfescape 2019/12/09 v1.15 Implements pdfTeX's escape features (HO)
) (C:\Users\Paolo\AppData\Local\Programs\MiKTeX\tex/latex/hycolor\hycolor.sty
Package: hycolor 2020-01-27 v1.10 Color options for hyperref/bookmark (HO)
) (C:\Users\Paolo\AppData\Local\Programs\MiKTeX\tex/latex/letltxmacro\letltxmacro.sty
Package: letltxmacro 2019/12/03 v1.6 Let assignment for LaTeX macros (HO)
) (C:\Users\Paolo\AppData\Local\Programs\MiKTeX\tex/latex/auxhook\auxhook.sty
Package: auxhook 2019-12-17 v1.6 Hooks for auxiliary files (HO)
) (C:\Users\Paolo\AppData\Local\Programs\MiKTeX\tex/latex/kvoptions\kvoptions.sty
Package: kvoptions 2020-10-07 v3.14 Key value format for package options (HO)
)
\@linkdim=\dimen257
\Hy@linkcounter=\count287
\Hy@pagecounter=\count288
 (C:\Users\Paolo\AppData\Local\Programs\MiKTeX\tex/latex/hyperref\pd1enc.def
File: pd1enc.def 2021-02-10 v7.00j Hyperref: PDFDocEncoding definition (HO)
Now handling font encoding PD1 ...
... no UTF-8 mapping file for font encoding PD1
) (C:\Users\Paolo\AppData\Local\Programs\MiKTeX\tex/latex/hyperref\hyperref-langpatches.def
File: hyperref-langpatches.def 2021-02-10 v7.00j Hyperref: patches for babel languages
) (C:\Users\Paolo\AppData\Local\Programs\MiKTeX\tex/generic/intcalc\intcalc.sty
Package: intcalc 2019/12/15 v1.3 Expandable calculations with integers (HO)
) (C:\Users\Paolo\AppData\Local\Programs\MiKTeX\tex/generic/etexcmds\etexcmds.sty
Package: etexcmds 2019/12/15 v1.7 Avoid name clashes with e-TeX commands (HO)
)
\Hy@SavedSpaceFactor=\count289
 (C:\Users\Paolo\AppData\Local\Programs\MiKTeX\tex/latex/hyperref\puenc.def
File: puenc.def 2021-02-10 v7.00j Hyperref: PDF Unicode definition (HO)
Now handling font encoding PU ...
... no UTF-8 mapping file for font encoding PU
)
Package hyperref Info: Option `bookmarks' set `true' on input line 4073.
Package hyperref Info: Option `bookmarksopen' set `true' on input line 4073.
Package hyperref Info: Option `implicit' set `false' on input line 4073.
Package hyperref Info: Hyper figures OFF on input line 4192.
Package hyperref Info: Link nesting OFF on input line 4197.
Package hyperref Info: Hyper index ON on input line 4200.
Package hyperref Info: Plain pages OFF on input line 4207.
Package hyperref Info: Backreferencing OFF on input line 4212.
Package hyperref Info: Implicit mode OFF; no redefinition of LaTeX internals.
Package hyperref Info: Bookmarks ON on input line 4445.
\c@Hy@tempcnt=\count290
 (C:\Users\Paolo\AppData\Local\Programs\MiKTeX\tex/latex/url\url.sty
\Urlmuskip=\muskip16
Package: url 2013/09/16  ver 3.4  Verb mode for urls, etc.
)
LaTeX Info: Redefining \url on input line 4804.
\XeTeXLinkMargin=\dimen258
 (C:\Users\Paolo\AppData\Local\Programs\MiKTeX\tex/generic/bitset\bitset.sty
Package: bitset 2019/12/09 v1.3 Handle bit-vector datatype (HO)
 (C:\Users\Paolo\AppData\Local\Programs\MiKTeX\tex/generic/bigintcalc\bigintcalc.sty
Package: bigintcalc 2019/12/15 v1.5 Expandable calculations on big integers (HO)
))
\Fld@menulength=\count291
\Field@Width=\dimen259
\Fld@charsize=\dimen260
Package hyperref Info: Hyper figures OFF on input line 6075.
Package hyperref Info: Link nesting OFF on input line 6080.
Package hyperref Info: Hyper index ON on input line 6083.
Package hyperref Info: backreferencing OFF on input line 6090.
Package hyperref Info: Link coloring OFF on input line 6095.
Package hyperref Info: Link coloring with OCG OFF on input line 6100.
Package hyperref Info: PDF/A mode OFF on input line 6105.
LaTeX Info: Redefining \ref on input line 6145.
LaTeX Info: Redefining \pageref on input line 6149.
\Hy@abspage=\count292


Package hyperref Message: Stopped early.

)
Package hyperref Info: Driver (autodetected): hpdftex.
 (C:\Users\Paolo\AppData\Local\Programs\MiKTeX\tex/latex/hyperref\hpdftex.def
File: hpdftex.def 2021-02-10 v7.00j Hyperref driver for pdfTeX
 (C:\Users\Paolo\AppData\Local\Programs\MiKTeX\tex/latex/base\atveryend-ltx.sty
Package: atveryend-ltx 2020/08/19 v1.0a Emulation of the original atvery package
with kernel methods
)
\Fld@listcount=\count293
\c@bookmark@seq@number=\count294
 (C:\Users\Paolo\AppData\Local\Programs\MiKTeX\tex/latex/rerunfilecheck\rerunfilecheck.sty
Package: rerunfilecheck 2019/12/05 v1.9 Rerun checks for auxiliary files (HO)
 (C:\Users\Paolo\AppData\Local\Programs\MiKTeX\tex/generic/uniquecounter\uniquecounter.sty
Package: uniquecounter 2019/12/15 v1.4 Provide unlimited unique counter (HO)
)
Package uniquecounter Info: New unique counter `rerunfilecheck' on input line 286.
)) (C:\Users\Paolo\AppData\Local\Programs\MiKTeX\tex/latex/beamer\beamerbaserequires.sty (C:\Users\Paolo\AppData\Local\Programs\MiKTeX\tex/latex/beamer\beamerbasecompatibility.sty) (C:\Users\Paolo\AppData\Local\Programs\MiKTeX\tex/latex/beamer\beamerbasefont.sty (C:\Users\Paolo\AppData\Local\Programs\MiKTeX\tex/latex/amsfonts\amssymb.sty
Package: amssymb 2013/01/14 v3.01 AMS font symbols
 (C:\Users\Paolo\AppData\Local\Programs\MiKTeX\tex/latex/amsfonts\amsfonts.sty
Package: amsfonts 2013/01/14 v3.01 Basic AMSFonts support
\@emptytoks=\toks27
\symAMSa=\mathgroup4
\symAMSb=\mathgroup5
LaTeX Font Info:    Redeclaring math symbol \hbar on input line 98.
LaTeX Font Info:    Overwriting math alphabet `\mathfrak' in version `bold'
(Font)                  U/euf/m/n --> U/euf/b/n on input line 106.
)) (C:\Users\Paolo\AppData\Local\Programs\MiKTeX\tex/latex/sansmathaccent\sansmathaccent.sty
Package: sansmathaccent 2020/01/31
 (C:\Users\Paolo\AppData\Local\Programs\MiKTeX\tex/latex/koma-script\scrlfile.sty
Package: scrlfile 2021/03/17 v3.33 KOMA-Script package (file load hooks)
 (C:\Users\Paolo\AppData\Local\Programs\MiKTeX\tex/latex/koma-script\scrlfile-hook.sty
Package: scrlfile-hook 2021/03/17 v3.33 KOMA-Script package (using LaTeX hooks)

LaTeX3 Info: Defining command \BeforeFile with sig. 'm' on line 61.


LaTeX3 Info: Defining command \AfterFile with sig. 'm' on line 65.


LaTeX3 Info: Defining command \BeforeClass with sig. 'm' on line 69.


LaTeX3 Info: Defining command \BeforePackage with sig. 'm' on line 73.


LaTeX3 Info: Defining command \AfterAtEndOfClass with sig. 'smo+m' on line 83.


LaTeX3 Info: Defining command \AfterAtEndOfPackage with sig. 'smo+m' on line
(LaTeX3)     93.


LaTeX3 Info: Defining command \scrlfile@AfterClass with sig. 'smo+m' on line
(LaTeX3)     173.


LaTeX3 Info: Defining command \AfterClass with sig. '' on line 174.


LaTeX3 Info: Defining command \scrlfile@AfterPackage with sig. 'smo+m' on line
(LaTeX3)     191.


LaTeX3 Info: Defining command \AfterPackage with sig. '' on line 192.


LaTeX3 Info: Defining command \ReplaceInput with sig. '' on line 193.


LaTeX3 Info: Defining command \ReplaceClass with sig. 'mm' on line 196.


LaTeX3 Info: Defining command \ReplacePackage with sig. 'mm' on line 199.


LaTeX3 Info: Defining command \UnReplaceInput with sig. '' on line 200.


LaTeX3 Info: Defining command \UnReplaceClass with sig. 'm' on line 203.


LaTeX3 Info: Defining command \UnReplacePackage with sig. 'mm' on line 206.


LaTeX3 Info: Defining command \PreventPackageFromLoading with sig. 's+om' on
(LaTeX3)     line 234.


LaTeX3 Info: Defining command \StorePreventPackageFromLoading with sig. 'm' on
(LaTeX3)     line 242.


LaTeX3 Info: Defining command \ResetPreventPackageFromLoading with sig. '' on
(LaTeX3)     line 247.


LaTeX3 Info: Defining command \UnPreventPackageFromLoading with sig. 'sm' on
(LaTeX3)     line 261.


LaTeX3 Info: Defining command \BeforeClosingMainAux with sig. 'om' on line
(LaTeX3)     274.


LaTeX3 Info: Defining command \AfterReadingMainAux with sig. 'om' on line 287.


LaTeX3 Info: Defining command \protected@immediate@write with sig. 'm+m+m' on
(LaTeX3)     line 298.

 (C:\Users\Paolo\AppData\Local\Programs\MiKTeX\tex/latex/koma-script\scrlogo.sty
Package: scrlogo 2021/03/17 v3.33 KOMA-Script package (logo)
))))) (C:\Users\Paolo\AppData\Local\Programs\MiKTeX\tex/latex/beamer\beamerbasetranslator.sty (C:\Users\Paolo\AppData\Local\Programs\MiKTeX\tex/latex/translator\translator.sty
Package: translator 2020-08-03 v1.12c Easy translation of strings in LaTeX
)) (C:\Users\Paolo\AppData\Local\Programs\MiKTeX\tex/latex/beamer\beamerbasemisc.sty) (C:\Users\Paolo\AppData\Local\Programs\MiKTeX\tex/latex/beamer\beamerbasetwoscreens.sty) (C:\Users\Paolo\AppData\Local\Programs\MiKTeX\tex/latex/beamer\beamerbaseoverlay.sty
\beamer@argscount=\count295
\beamer@lastskipcover=\skip50
\beamer@trivlistdepth=\count296
) (C:\Users\Paolo\AppData\Local\Programs\MiKTeX\tex/latex/beamer\beamerbasetitle.sty) (C:\Users\Paolo\AppData\Local\Programs\MiKTeX\tex/latex/beamer\beamerbasesection.sty
\c@lecture=\count297
\c@part=\count298
\c@section=\count299
\c@subsection=\count300
\c@subsubsection=\count301
) (C:\Users\Paolo\AppData\Local\Programs\MiKTeX\tex/latex/beamer\beamerbaseframe.sty
\beamer@framebox=\box62
\beamer@frametitlebox=\box63
\beamer@zoombox=\box64
\beamer@zoomcount=\count302
\beamer@zoomframecount=\count303
\beamer@frametextheight=\dimen261
\c@subsectionslide=\count304
\beamer@frametopskip=\skip51
\beamer@framebottomskip=\skip52
\beamer@frametopskipautobreak=\skip53
\beamer@framebottomskipautobreak=\skip54
\beamer@envbody=\toks28
\framewidth=\dimen262
\c@framenumber=\count305
) (C:\Users\Paolo\AppData\Local\Programs\MiKTeX\tex/latex/beamer\beamerbaseverbatim.sty
\beamer@verbatimfileout=\write4
) (C:\Users\Paolo\AppData\Local\Programs\MiKTeX\tex/latex/beamer\beamerbaseframesize.sty
\beamer@splitbox=\box65
\beamer@autobreakcount=\count306
\beamer@autobreaklastheight=\dimen263
\beamer@frametitletoks=\toks29
\beamer@framesubtitletoks=\toks30
) (C:\Users\Paolo\AppData\Local\Programs\MiKTeX\tex/latex/beamer\beamerbaseframecomponents.sty
\beamer@footins=\box66
) (C:\Users\Paolo\AppData\Local\Programs\MiKTeX\tex/latex/beamer\beamerbasecolor.sty) (C:\Users\Paolo\AppData\Local\Programs\MiKTeX\tex/latex/beamer\beamerbasenotes.sty
\beamer@frameboxcopy=\box67
) (C:\Users\Paolo\AppData\Local\Programs\MiKTeX\tex/latex/beamer\beamerbasetoc.sty) (C:\Users\Paolo\AppData\Local\Programs\MiKTeX\tex/latex/beamer\beamerbasetemplates.sty
\beamer@sbttoks=\toks31
 (C:\Users\Paolo\AppData\Local\Programs\MiKTeX\tex/latex/beamer\beamerbaseauxtemplates.sty (C:\Users\Paolo\AppData\Local\Programs\MiKTeX\tex/latex/beamer\beamerbaseboxes.sty
\bmb@box=\box68
\bmb@colorbox=\box69
\bmb@boxwidth=\dimen264
\bmb@boxheight=\dimen265
\bmb@prevheight=\dimen266
\bmb@temp=\dimen267
\bmb@dima=\dimen268
\bmb@dimb=\dimen269
\bmb@prevheight=\dimen270
)
\beamer@blockheadheight=\dimen271
)) (C:\Users\Paolo\AppData\Local\Programs\MiKTeX\tex/latex/beamer\beamerbaselocalstructure.sty (C:\Users\Paolo\AppData\Local\Programs\MiKTeX\tex/latex/latex-tools\enumerate.sty
Package: enumerate 2015/07/23 v3.00 enumerate extensions (DPC)
\@enLab=\toks32
)
\beamer@bibiconwidth=\skip55
\c@figure=\count307
\c@table=\count308
\abovecaptionskip=\skip56
\belowcaptionskip=\skip57
) (C:\Users\Paolo\AppData\Local\Programs\MiKTeX\tex/latex/beamer\beamerbasenavigation.sty
\beamer@section@min@dim=\dimen272
) (C:\Users\Paolo\AppData\Local\Programs\MiKTeX\tex/latex/beamer\beamerbasetheorems.sty (C:\Users\Paolo\AppData\Local\Programs\MiKTeX\tex/latex/amsmath\amsmath.sty
Package: amsmath 2020/09/23 v2.17i AMS math features
\@mathmargin=\skip58

For additional information on amsmath, use the `?' option.
(C:\Users\Paolo\AppData\Local\Programs\MiKTeX\tex/latex/amsmath\amstext.sty
Package: amstext 2000/06/29 v2.01 AMS text
 (C:\Users\Paolo\AppData\Local\Programs\MiKTeX\tex/latex/amsmath\amsgen.sty
File: amsgen.sty 1999/11/30 v2.0 generic functions
\@emptytoks=\toks33
\ex@=\dimen273
)) (C:\Users\Paolo\AppData\Local\Programs\MiKTeX\tex/latex/amsmath\amsbsy.sty
Package: amsbsy 1999/11/29 v1.2d Bold Symbols
\pmbraise@=\dimen274
) (C:\Users\Paolo\AppData\Local\Programs\MiKTeX\tex/latex/amsmath\amsopn.sty
Package: amsopn 2016/03/08 v2.02 operator names
)
\inf@bad=\count309
LaTeX Info: Redefining \frac on input line 234.
\uproot@=\count310
\leftroot@=\count311
LaTeX Info: Redefining \overline on input line 399.
\classnum@=\count312
\DOTSCASE@=\count313
LaTeX Info: Redefining \ldots on input line 496.
LaTeX Info: Redefining \dots on input line 499.
LaTeX Info: Redefining \cdots on input line 620.
\Mathstrutbox@=\box70
\strutbox@=\box71
\big@size=\dimen275
LaTeX Font Info:    Redeclaring font encoding OML on input line 743.
LaTeX Font Info:    Redeclaring font encoding OMS on input line 744.
\macc@depth=\count314
\c@MaxMatrixCols=\count315
\dotsspace@=\muskip17
\c@parentequation=\count316
\dspbrk@lvl=\count317
\tag@help=\toks34
\row@=\count318
\column@=\count319
\maxfields@=\count320
\andhelp@=\toks35
\eqnshift@=\dimen276
\alignsep@=\dimen277
\tagshift@=\dimen278
\tagwidth@=\dimen279
\totwidth@=\dimen280
\lineht@=\dimen281
\@envbody=\toks36
\multlinegap=\skip59
\multlinetaggap=\skip60
\mathdisplay@stack=\toks37
LaTeX Info: Redefining \[ on input line 2923.
LaTeX Info: Redefining \] on input line 2924.
) (C:\Users\Paolo\AppData\Local\Programs\MiKTeX\tex/latex/amscls\amsthm.sty
Package: amsthm 2020/05/29 v2.20.6
\thm@style=\toks38
\thm@bodyfont=\toks39
\thm@headfont=\toks40
\thm@notefont=\toks41
\thm@headpunct=\toks42
\thm@preskip=\skip61
\thm@postskip=\skip62
\thm@headsep=\skip63
\dth@everypar=\toks43
)
\c@theorem=\count321
) (C:\Users\Paolo\AppData\Local\Programs\MiKTeX\tex/latex/beamer\beamerbasethemes.sty)) (C:\Users\Paolo\AppData\Local\Programs\MiKTeX\tex/latex/beamer\beamerthemedefault.sty (C:\Users\Paolo\AppData\Local\Programs\MiKTeX\tex/latex/beamer\beamerfontthemedefault.sty) (C:\Users\Paolo\AppData\Local\Programs\MiKTeX\tex/latex/beamer\beamercolorthemedefault.sty) (C:\Users\Paolo\AppData\Local\Programs\MiKTeX\tex/latex/beamer\beamerinnerthemedefault.sty
\beamer@dima=\dimen282
\beamer@dimb=\dimen283
) (C:\Users\Paolo\AppData\Local\Programs\MiKTeX\tex/latex/beamer\beamerouterthemedefault.sty))) (C:\Users\Paolo\AppData\Local\Programs\MiKTeX\tex/generic/babel\babel.sty
Package: babel 2021/01/26 3.53 The Babel package
 (C:\Users\Paolo\AppData\Local\Programs\MiKTeX\tex/generic/babel\babel.def
File: babel.def 2021/01/26 3.53 Babel common definitions
\babel@savecnt=\count322
\U@D=\dimen284
\l@babelnohyphens=\language79
 (C:\Users\Paolo\AppData\Local\Programs\MiKTeX\tex/generic/babel\txtbabel.def)
\bbl@readstream=\read3
)
LaTeX Info: Redefining \textlatin on input line 716.
\bbl@dirlevel=\count323

*************************************
* Local config file bblopts.cfg used
*
(C:\Users\Paolo\AppData\Local\Programs\MiKTeX\tex/latex/arabi\bblopts.cfg
File: bblopts.cfg 2005/09/08 v0.1 add Arabic and Farsi to "declared" options of babel
) (C:\Users\Paolo\AppData\Local\Programs\MiKTeX\tex/latex/babel-italian\italian.ldf
Language: italian 2020/05/21 v.1.4.04 Italian support for the babel system
\it@lettering=\count324
\it@doublequoteactive=\count325
\it@ISOcompliance=\count326
)) (C:\Users\Paolo\AppData\Local\Programs\MiKTeX\tex/latex/beamer\beamerthemeBerkeley.sty (C:\Users\Paolo\AppData\Local\Programs\MiKTeX\tex/latex/beamer\beamerouterthemesidebar.sty
\beamer@sidebarwidth=\dimen285
\beamer@headheight=\dimen286
) (C:\Users\Paolo\AppData\Local\Programs\MiKTeX\tex/latex/beamer\beamerinnerthemerectangles.sty) (C:\Users\Paolo\AppData\Local\Programs\MiKTeX\tex/latex/beamer\beamercolorthemewhale.sty) (C:\Users\Paolo\AppData\Local\Programs\MiKTeX\tex/latex/beamer\beamercolorthemeorchid.sty)) (C:\Users\Paolo\AppData\Local\Programs\MiKTeX\tex/latex/booktabs\booktabs.sty
Package: booktabs 2020/01/12 v1.61803398 Publication quality tables
\heavyrulewidth=\dimen287
\lightrulewidth=\dimen288
\cmidrulewidth=\dimen289
\belowrulesep=\dimen290
\belowbottomsep=\dimen291
\aboverulesep=\dimen292
\abovetopsep=\dimen293
\cmidrulesep=\dimen294
\cmidrulekern=\dimen295
\defaultaddspace=\dimen296
\@cmidla=\count327
\@cmidlb=\count328
\@aboverulesep=\dimen297
\@belowrulesep=\dimen298
\@thisruleclass=\count329
\@lastruleclass=\count330
\@thisrulewidth=\dimen299
) (C:\Users\Paolo\AppData\Local\Programs\MiKTeX\tex/latex/listings\listings.sty
\lst@mode=\count331
\lst@gtempboxa=\box72
\lst@token=\toks44
\lst@length=\count332
\lst@currlwidth=\dimen300
\lst@column=\count333
\lst@pos=\count334
\lst@lostspace=\dimen301
\lst@width=\dimen302
\lst@newlines=\count335
\lst@lineno=\count336
\lst@maxwidth=\dimen303
 (C:\Users\Paolo\AppData\Local\Programs\MiKTeX\tex/latex/listings\lstmisc.sty
File: lstmisc.sty 2020/03/24 1.8d (Carsten Heinz)
\c@lstnumber=\count337
\lst@skipnumbers=\count338
\lst@framebox=\box73
) (C:\Users\Paolo\AppData\Local\Programs\MiKTeX\tex/latex/listings\listings.cfg
File: listings.cfg 2020/03/24 1.8d listings configuration
))
Package: listings 2020/03/24 1.8d (Carsten Heinz)
 (C:\Users\Paolo\AppData\Local\Programs\MiKTeX\tex/latex/lstaddons\lstautogobble.sty
Package: lstautogobble 2012/05/03 v0.1 Implements 'autogobble' option for 'listings'
\lstag@spacecount=\count339
) (C:\Users\Paolo\AppData\Local\Programs\MiKTeX\tex/latex/latex-tools\longtable.sty
Package: longtable 2020/01/07 v4.13 Multi-page Table package (DPC)
\LTleft=\skip64
\LTright=\skip65
\LTpre=\skip66
\LTpost=\skip67
\LTchunksize=\count340
\LTcapwidth=\dimen304
\LT@head=\box74
\LT@firsthead=\box75
\LT@foot=\box76
\LT@lastfoot=\box77
\LT@cols=\count341
\LT@rows=\count342
\c@LT@tables=\count343
\c@LT@chunks=\count344
\LT@p@ftn=\toks45
) (c:/Users\Paolo\Dropbox\Tesi\Presentazione\solidity-highlighting.tex)

Package hyperref Warning: Token not allowed in a PDF string (Unicode):
(hyperref)                removing `\\' on input line 82.

(C:\Users\Paolo\AppData\Local\Programs\MiKTeX\tex/latex/l3backend\l3backend-pdftex.def
File: l3backend-pdftex.def 2021-02-18 L3 backend support: PDF output (pdfTeX)
\l__color_backend_stack_int=\count345
\l__pdf_internal_box=\box78
) (c:/Users\Paolo\Dropbox\Tesi\Presentazione\Presentazione.aux)
\openout1 = `Presentazione.aux'.

LaTeX Font Info:    Checking defaults for OML/cmm/m/it on input line 89.
LaTeX Font Info:    ... okay on input line 89.
LaTeX Font Info:    Checking defaults for OMS/cmsy/m/n on input line 89.
LaTeX Font Info:    ... okay on input line 89.
LaTeX Font Info:    Checking defaults for OT1/cmr/m/n on input line 89.
LaTeX Font Info:    ... okay on input line 89.
LaTeX Font Info:    Checking defaults for T1/cmr/m/n on input line 89.
LaTeX Font Info:    ... okay on input line 89.
LaTeX Font Info:    Checking defaults for TS1/cmr/m/n on input line 89.
LaTeX Font Info:    ... okay on input line 89.
LaTeX Font Info:    Checking defaults for OMX/cmex/m/n on input line 89.
LaTeX Font Info:    ... okay on input line 89.
LaTeX Font Info:    Checking defaults for U/cmr/m/n on input line 89.
LaTeX Font Info:    ... okay on input line 89.
LaTeX Font Info:    Checking defaults for PD1/pdf/m/n on input line 89.
LaTeX Font Info:    ... okay on input line 89.
LaTeX Font Info:    Checking defaults for PU/pdf/m/n on input line 89.
LaTeX Font Info:    ... okay on input line 89.

*geometry* driver: auto-detecting
*geometry* detected driver: pdftex
*geometry* verbose mode - [ preamble ] result:
* driver: pdftex
* paper: custom
* layout: <same size as paper>
* layoutoffset:(h,v)=(0.0pt,0.0pt)
* modes: includehead includefoot 
* h-part:(L,W,R)=(59.22636pt, 290.74263pt, 14.22636pt)
* v-part:(T,H,B)=(0.0pt, 273.14662pt, 0.0pt)
* \paperwidth=364.19536pt
* \paperheight=273.14662pt
* \textwidth=290.74263pt
* \textheight=244.6939pt
* \oddsidemargin=-13.04362pt
* \evensidemargin=-13.04362pt
* \topmargin=-72.26999pt
* \headheight=14.22636pt
* \headsep=0.0pt
* \topskip=11.0pt
* \footskip=14.22636pt
* \marginparwidth=4.0pt
* \marginparsep=10.0pt
* \columnsep=10.0pt
* \skip\footins=10.0pt plus 4.0pt minus 2.0pt
* \hoffset=0.0pt
* \voffset=0.0pt
* \mag=1000
* \@twocolumnfalse
* \@twosidefalse
* \@mparswitchfalse
* \@reversemarginfalse
* (1in=72.27pt=25.4mm, 1cm=28.453pt)

(C:\Users\Paolo\AppData\Local\Programs\MiKTeX\tex/context/base/mkii\supp-pdf.mkii
[Loading MPS to PDF converter (version 2006.09.02).]
\scratchcounter=\count346
\scratchdimen=\dimen305
\scratchbox=\box79
\nofMPsegments=\count347
\nofMParguments=\count348
\everyMPshowfont=\toks46
\MPscratchCnt=\count349
\MPscratchDim=\dimen306
\MPnumerator=\count350
\makeMPintoPDFobject=\count351
\everyMPtoPDFconversion=\toks47
) (C:\Users\Paolo\AppData\Local\Programs\MiKTeX\tex/latex/epstopdf-pkg\epstopdf-base.sty
Package: epstopdf-base 2020-01-24 v2.11 Base part for package epstopdf
Package epstopdf-base Info: Redefining graphics rule for `.eps' on input line 485.
)
Package hyperref Info: Link coloring OFF on input line 89.
 (C:\Users\Paolo\AppData\Local\Programs\MiKTeX\tex/latex/hyperref\nameref.sty
Package: nameref 2021-04-02 v2.47 Cross-referencing by name of section
 (C:\Users\Paolo\AppData\Local\Programs\MiKTeX\tex/latex/refcount\refcount.sty
Package: refcount 2019/12/15 v3.6 Data extraction from label references (HO)
) (C:\Users\Paolo\AppData\Local\Programs\MiKTeX\tex/generic/gettitlestring\gettitlestring.sty
Package: gettitlestring 2019/12/15 v1.6 Cleanup title references (HO)
)
\c@section@level=\count352
)
LaTeX Info: Redefining \ref on input line 89.
LaTeX Info: Redefining \pageref on input line 89.
LaTeX Info: Redefining \nameref on input line 89.
 (c:/Users\Paolo\Dropbox\Tesi\Presentazione\Presentazione.out) (c:/Users\Paolo\Dropbox\Tesi\Presentazione\Presentazione.out)
\@outlinefile=\write5
\openout5 = `Presentazione.out'.

LaTeX Font Info:    Overwriting symbol font `operators' in version `normal'
(Font)                  OT1/cmr/m/n --> OT1/cmss/m/n on input line 89.
LaTeX Font Info:    Overwriting symbol font `operators' in version `bold'
(Font)                  OT1/cmr/bx/n --> OT1/cmss/b/n on input line 89.
\symnumbers=\mathgroup6
\sympureletters=\mathgroup7
LaTeX Font Info:    Overwriting math alphabet `\mathrm' in version `normal'
(Font)                  OT1/cmss/m/n --> OT1/cmr/m/n on input line 89.
LaTeX Font Info:    Redeclaring math alphabet \mathbf on input line 89.
LaTeX Font Info:    Overwriting math alphabet `\mathbf' in version `normal'
(Font)                  OT1/cmr/bx/n --> OT1/cmss/b/n on input line 89.
LaTeX Font Info:    Overwriting math alphabet `\mathbf' in version `bold'
(Font)                  OT1/cmr/bx/n --> OT1/cmss/b/n on input line 89.
LaTeX Font Info:    Redeclaring math alphabet \mathsf on input line 89.
LaTeX Font Info:    Overwriting math alphabet `\mathsf' in version `normal'
(Font)                  OT1/cmss/m/n --> OT1/cmss/m/n on input line 89.
LaTeX Font Info:    Overwriting math alphabet `\mathsf' in version `bold'
(Font)                  OT1/cmss/bx/n --> OT1/cmss/m/n on input line 89.
LaTeX Font Info:    Redeclaring math alphabet \mathit on input line 89.
LaTeX Font Info:    Overwriting math alphabet `\mathit' in version `normal'
(Font)                  OT1/cmr/m/it --> OT1/cmss/m/it on input line 89.
LaTeX Font Info:    Overwriting math alphabet `\mathit' in version `bold'
(Font)                  OT1/cmr/bx/it --> OT1/cmss/m/it on input line 89.
LaTeX Font Info:    Redeclaring math alphabet \mathtt on input line 89.
LaTeX Font Info:    Overwriting math alphabet `\mathtt' in version `normal'
(Font)                  OT1/cmtt/m/n --> OT1/cmtt/m/n on input line 89.
LaTeX Font Info:    Overwriting math alphabet `\mathtt' in version `bold'
(Font)                  OT1/cmtt/m/n --> OT1/cmtt/m/n on input line 89.
LaTeX Font Info:    Overwriting symbol font `numbers' in version `bold'
(Font)                  OT1/cmss/m/n --> OT1/cmss/b/n on input line 89.
LaTeX Font Info:    Overwriting symbol font `pureletters' in version `bold'
(Font)                  OT1/cmss/m/it --> OT1/cmss/b/it on input line 89.
LaTeX Font Info:    Overwriting math alphabet `\mathrm' in version `bold'
(Font)                  OT1/cmss/b/n --> OT1/cmr/b/n on input line 89.
LaTeX Font Info:    Overwriting math alphabet `\mathbf' in version `bold'
(Font)                  OT1/cmss/b/n --> OT1/cmss/b/n on input line 89.
LaTeX Font Info:    Overwriting math alphabet `\mathsf' in version `bold'
(Font)                  OT1/cmss/m/n --> OT1/cmss/b/n on input line 89.
LaTeX Font Info:    Overwriting math alphabet `\mathit' in version `bold'
(Font)                  OT1/cmss/m/it --> OT1/cmss/b/it on input line 89.
LaTeX Font Info:    Overwriting math alphabet `\mathtt' in version `bold'
(Font)                  OT1/cmtt/m/n --> OT1/cmtt/b/n on input line 89.
LaTeX Font Info:    Redeclaring symbol font `pureletters' on input line 89.
LaTeX Font Info:    Overwriting symbol font `pureletters' in version `normal'
(Font)                  OT1/cmss/m/it --> OT1/mathkerncmss/m/sl on input line 89.
LaTeX Font Info:    Overwriting symbol font `pureletters' in version `bold'
(Font)                  OT1/cmss/b/it --> OT1/mathkerncmss/m/sl on input line 89.
LaTeX Font Info:    Overwriting symbol font `pureletters' in version `bold'
(Font)                  OT1/mathkerncmss/m/sl --> OT1/mathkerncmss/bx/sl on input line 89.
 (C:\Users\Paolo\AppData\Local\Programs\MiKTeX\tex/latex/translator\translator-basic-dictionary-English.dict
Dictionary: translator-basic-dictionary, Language: English 
) (C:\Users\Paolo\AppData\Local\Programs\MiKTeX\tex/latex/translator\translator-bibliography-dictionary-English.dict
Dictionary: translator-bibliography-dictionary, Language: English 
) (C:\Users\Paolo\AppData\Local\Programs\MiKTeX\tex/latex/translator\translator-environment-dictionary-English.dict
Dictionary: translator-environment-dictionary, Language: English 
) (C:\Users\Paolo\AppData\Local\Programs\MiKTeX\tex/latex/translator\translator-months-dictionary-English.dict
Dictionary: translator-months-dictionary, Language: English 
) (C:\Users\Paolo\AppData\Local\Programs\MiKTeX\tex/latex/translator\translator-numbers-dictionary-English.dict
Dictionary: translator-numbers-dictionary, Language: English 
) (C:\Users\Paolo\AppData\Local\Programs\MiKTeX\tex/latex/translator\translator-theorem-dictionary-English.dict
Dictionary: translator-theorem-dictionary, Language: English 
)
LaTeX Info: Redefining \it@ocap on input line 89.
LaTeX Info: Redefining \it@ccap on input line 89.


File italian.ldf warning: 
italian.ldf    With OT1 encoding guillemets are poorly faked
italian.ldf    Use T1 encoding
italian.ldf    or specify a font with command \CaporaliFrom
italian.ldf    See the documentation concerning the babel-italian typesetting 
italian.ldf    on input line 89.

\c@lstlisting=\count353
(c:/Users\Paolo\Dropbox\Tesi\Presentazione\Presentazione.nav)
<figures//favicon.png, id=32, 513.92pt x 513.92pt>
File: figures//favicon.png Graphic file (type png)
<use figures//favicon.png>
Package pdftex.def Info: figures//favicon.png  used on input line 89.
(pdftex.def)             Requested size: 28.44997pt x 28.45274pt.
<figures/logo_unipg.png, id=34, 523.7166pt x 255.5949pt>
File: figures/logo_unipg.png Graphic file (type png)
<use figures/logo_unipg.png>
Package pdftex.def Info: figures/logo_unipg.png  used on input line 92.
(pdftex.def)             Requested size: 87.22366pt x 42.56523pt.

Overfull \vbox (0.2089pt too high) detected at line 92
 []

File: figures//favicon.png Graphic file (type png)
<use figures//favicon.png>
Package pdftex.def Info: figures//favicon.png  used on input line 92.
(pdftex.def)             Requested size: 28.44997pt x 28.45274pt.
[1{C:/Users/Paolo/AppData/Local/MiKTeX/pdftex/config/pdftex.map}

 <c:/Users/Paolo/Dropbox/Tesi/Presentazione/figures//favicon.png> <c:/Users/Paolo/Dropbox/Tesi/Presentazione/figures/logo_unipg.png>] (c:/Users\Paolo\Dropbox\Tesi\Presentazione\Presentazione.toc)
File: figures//favicon.png Graphic file (type png)
<use figures//favicon.png>
Package pdftex.def Info: figures//favicon.png  used on input line 96.
(pdftex.def)             Requested size: 28.44997pt x 28.45274pt.
 [2

]
<figures//digitalizzazione.jpg, id=114, 1284.8pt x 722.7pt>
File: figures//digitalizzazione.jpg Graphic file (type jpg)
<use figures//digitalizzazione.jpg>
Package pdftex.def Info: figures//digitalizzazione.jpg  used on input line 114.
(pdftex.def)             Requested size: 159.90933pt x 89.94028pt.
File: figures//favicon.png Graphic file (type png)
<use figures//favicon.png>
Package pdftex.def Info: figures//favicon.png  used on input line 114.
(pdftex.def)             Requested size: 28.44997pt x 28.45274pt.
 [3

 <c:/Users/Paolo/Dropbox/Tesi/Presentazione/figures//digitalizzazione.jpg>]
<figures//buro2.jpg, id=148, 462.22687pt x 404.26031pt>
File: figures//buro2.jpg Graphic file (type jpg)
<use figures//buro2.jpg>
Package pdftex.def Info: figures//buro2.jpg  used on input line 141.
(pdftex.def)             Requested size: 203.51895pt x 177.99846pt.
LaTeX Font Info:    Trying to load font information for U+msa on input line 141.
 (C:\Users\Paolo\AppData\Local\Programs\MiKTeX\tex/latex/amsfonts\umsa.fd
File: umsa.fd 2013/01/14 v3.01 AMS symbols A
)
LaTeX Font Info:    Trying to load font information for U+msb on input line 141.
 (C:\Users\Paolo\AppData\Local\Programs\MiKTeX\tex/latex/amsfonts\umsb.fd
File: umsb.fd 2013/01/14 v3.01 AMS symbols B
)
LaTeX Font Info:    Trying to load font information for OT1+mathkerncmss on input line 141.
 (C:\Users\Paolo\AppData\Local\Programs\MiKTeX\tex/latex/sansmathaccent\ot1mathkerncmss.fd
File: ot1mathkerncmss.fd 2020/01/31 Fontinst v1.933 font definitions for OT1/mathkerncmss.
)
File: figures//favicon.png Graphic file (type png)
<use figures//favicon.png>
Package pdftex.def Info: figures//favicon.png  used on input line 141.
(pdftex.def)             Requested size: 28.44997pt x 28.45274pt.
 [4

 <c:/Users/Paolo/Dropbox/Tesi/Presentazione/figures//buro2.jpg>]
<figures//joy.png, id=180, 72.27pt x 72.27pt>
File: figures//joy.png Graphic file (type png)
<use figures//joy.png>
Package pdftex.def Info: figures//joy.png  used on input line 165.
(pdftex.def)             Requested size: 14.53801pt x 14.53754pt.
<figures//joy2.png, id=181, 72.27pt x 72.27pt>
File: figures//joy2.png Graphic file (type png)
<use figures//joy2.png>
Package pdftex.def Info: figures//joy2.png  used on input line 165.
(pdftex.def)             Requested size: 14.53801pt x 14.53754pt.
File: figures//joy.png Graphic file (type png)
<use figures//joy.png>
Package pdftex.def Info: figures//joy.png  used on input line 165.
(pdftex.def)             Requested size: 14.53801pt x 14.53754pt.
File: figures//joy2.png Graphic file (type png)
<use figures//joy2.png>
Package pdftex.def Info: figures//joy2.png  used on input line 165.
(pdftex.def)             Requested size: 14.53801pt x 14.53754pt.
<figures//sad2.png, id=182, 72.27pt x 72.27pt>
File: figures//sad2.png Graphic file (type png)
<use figures//sad2.png>
Package pdftex.def Info: figures//sad2.png  used on input line 165.
(pdftex.def)             Requested size: 14.53801pt x 14.53754pt.
File: figures//joy2.png Graphic file (type png)
<use figures//joy2.png>
Package pdftex.def Info: figures//joy2.png  used on input line 165.
(pdftex.def)             Requested size: 14.53801pt x 14.53754pt.
File: figures//sad2.png Graphic file (type png)
<use figures//sad2.png>
Package pdftex.def Info: figures//sad2.png  used on input line 165.
(pdftex.def)             Requested size: 14.53801pt x 14.53754pt.
File: figures//joy2.png Graphic file (type png)
<use figures//joy2.png>
Package pdftex.def Info: figures//joy2.png  used on input line 165.
(pdftex.def)             Requested size: 14.53801pt x 14.53754pt.
File: figures//joy2.png Graphic file (type png)
<use figures//joy2.png>
Package pdftex.def Info: figures//joy2.png  used on input line 165.
(pdftex.def)             Requested size: 14.53801pt x 14.53754pt.
File: figures//sad2.png Graphic file (type png)
<use figures//sad2.png>
Package pdftex.def Info: figures//sad2.png  used on input line 165.
(pdftex.def)             Requested size: 14.53801pt x 14.53754pt.
File: figures//joy2.png Graphic file (type png)
<use figures//joy2.png>
Package pdftex.def Info: figures//joy2.png  used on input line 165.
(pdftex.def)             Requested size: 14.53801pt x 14.53754pt.
<figures//sad.png, id=183, 72.27pt x 72.27pt>
File: figures//sad.png Graphic file (type png)
<use figures//sad.png>
Package pdftex.def Info: figures//sad.png  used on input line 165.
(pdftex.def)             Requested size: 14.53801pt x 14.53754pt.
File: figures//sad2.png Graphic file (type png)
<use figures//sad2.png>
Package pdftex.def Info: figures//sad2.png  used on input line 165.
(pdftex.def)             Requested size: 14.53801pt x 14.53754pt.
File: figures//joy2.png Graphic file (type png)
<use figures//joy2.png>
Package pdftex.def Info: figures//joy2.png  used on input line 165.
(pdftex.def)             Requested size: 14.53801pt x 14.53754pt.
File: figures//favicon.png Graphic file (type png)
<use figures//favicon.png>
Package pdftex.def Info: figures//favicon.png  used on input line 165.
(pdftex.def)             Requested size: 28.44997pt x 28.45274pt.
 [5

 <c:/Users/Paolo/Dropbox/Tesi/Presentazione/figures//joy.png> <c:/Users/Paolo/Dropbox/Tesi/Presentazione/figures//joy2.png> <c:/Users/Paolo/Dropbox/Tesi/Presentazione/figures//sad2.png> <c:/Users/Paolo/Dropbox/Tesi/Presentazione/figures//sad.png>]
<figures/git.png, id=219, 1027.84pt x 1027.84pt>
File: figures/git.png Graphic file (type png)
<use figures/git.png>
Package pdftex.def Info: figures/git.png  used on input line 191.
(pdftex.def)             Requested size: 56.9055pt x 56.89993pt.
File: figures//favicon.png Graphic file (type png)
<use figures//favicon.png>
Package pdftex.def Info: figures//favicon.png  used on input line 191.
(pdftex.def)             Requested size: 28.44997pt x 28.45274pt.
 [6

 <c:/Users/Paolo/Dropbox/Tesi/Presentazione/figures/git.png>]
<figures//users.png, id=252, 274.02374pt x 248.42813pt>
File: figures//users.png Graphic file (type png)
<use figures//users.png>
Package pdftex.def Info: figures//users.png  used on input line 220.
(pdftex.def)             Requested size: 116.29749pt x 105.43462pt.
<figures//numberrepo.png, id=253, 349.305pt x 103.88812pt>
File: figures//numberrepo.png Graphic file (type png)
<use figures//numberrepo.png>
Package pdftex.def Info: figures//numberrepo.png  used on input line 220.
(pdftex.def)             Requested size: 145.3713pt x 43.23482pt.
<figures//companies.png, id=254, 712.16063pt x 155.07938pt>
File: figures//companies.png Graphic file (type png)
<use figures//companies.png>
Package pdftex.def Info: figures//companies.png  used on input line 220.
(pdftex.def)             Requested size: 290.74263pt x 63.31082pt.
File: figures//favicon.png Graphic file (type png)
<use figures//favicon.png>
Package pdftex.def Info: figures//favicon.png  used on input line 220.
(pdftex.def)             Requested size: 28.44997pt x 28.45274pt.
 [7

 <c:/Users/Paolo/Dropbox/Tesi/Presentazione/figures//users.png> <c:/Users/Paolo/Dropbox/Tesi/Presentazione/figures//numberrepo.png> <c:/Users/Paolo/Dropbox/Tesi/Presentazione/figures//companies.png>]
<figures/blockchain.png, id=290, 640.3925pt x 212.795pt>
File: figures/blockchain.png Graphic file (type png)
<use figures/blockchain.png>
Package pdftex.def Info: figures/blockchain.png  used on input line 241.
(pdftex.def)             Requested size: 188.98093pt x 62.79346pt.
File: figures//favicon.png Graphic file (type png)
<use figures//favicon.png>
Package pdftex.def Info: figures//favicon.png  used on input line 241.
(pdftex.def)             Requested size: 28.44997pt x 28.45274pt.
 [8

 <c:/Users/Paolo/Dropbox/Tesi/Presentazione/figures/blockchain.png>]
File: figures/blockchain.png Graphic file (type png)
<use figures/blockchain.png>
Package pdftex.def Info: figures/blockchain.png  used on input line 241.
(pdftex.def)             Requested size: 188.98093pt x 62.79346pt.
File: figures//favicon.png Graphic file (type png)
<use figures//favicon.png>
Package pdftex.def Info: figures//favicon.png  used on input line 241.
(pdftex.def)             Requested size: 28.44997pt x 28.45274pt.
 [9

]
<figures/hashing.jpg, id=354, 1606.0pt x 622.325pt>
File: figures/hashing.jpg Graphic file (type jpg)
<use figures/hashing.jpg>
Package pdftex.def Info: figures/hashing.jpg  used on input line 274.
(pdftex.def)             Requested size: 247.133pt x 95.75667pt.
File: figures//favicon.png Graphic file (type png)
<use figures//favicon.png>
Package pdftex.def Info: figures//favicon.png  used on input line 274.
(pdftex.def)             Requested size: 28.44997pt x 28.45274pt.
 [10

 <c:/Users/Paolo/Dropbox/Tesi/Presentazione/figures/hashing.jpg>]
File: figures//favicon.png Graphic file (type png)
<use figures//favicon.png>
Package pdftex.def Info: figures//favicon.png  used on input line 286.
(pdftex.def)             Requested size: 28.44997pt x 28.45274pt.
 [11

]
<figures/mt1.pdf, id=418, 242.30524pt x 346.19337pt>
File: figures/mt1.pdf Graphic file (type pdf)
<use figures/mt1.pdf>
Package pdftex.def Info: figures/mt1.pdf  used on input line 305.
(pdftex.def)             Requested size: 99.43457pt x 142.06697pt.
File: figures//favicon.png Graphic file (type png)
<use figures//favicon.png>
Package pdftex.def Info: figures//favicon.png  used on input line 305.
(pdftex.def)             Requested size: 28.44997pt x 28.45274pt.
 [12

 <c:/Users/Paolo/Dropbox/Tesi/Presentazione/figures/mt1.pdf>]
<figures/fingerprint.png, id=479, 513.92pt x 513.92pt>
File: figures/fingerprint.png Graphic file (type png)
<use figures/fingerprint.png>
Package pdftex.def Info: figures/fingerprint.png  used on input line 337.
(pdftex.def)             Requested size: 67.1616pt x 67.15698pt.
<figures/folder_zip.png, id=480, 513.92pt x 513.92pt>
File: figures/folder_zip.png Graphic file (type png)
<use figures/folder_zip.png>
Package pdftex.def Info: figures/folder_zip.png  used on input line 337.
(pdftex.def)             Requested size: 67.1616pt x 67.15698pt.
<figures/verify.png, id=481, 513.92pt x 513.92pt>
File: figures/verify.png Graphic file (type png)
<use figures/verify.png>
Package pdftex.def Info: figures/verify.png  used on input line 337.
(pdftex.def)             Requested size: 67.1616pt x 67.15698pt.
File: figures//favicon.png Graphic file (type png)
<use figures//favicon.png>
Package pdftex.def Info: figures//favicon.png  used on input line 337.
(pdftex.def)             Requested size: 28.44997pt x 28.45274pt.
 [13

 <c:/Users/Paolo/Dropbox/Tesi/Presentazione/figures/fingerprint.png> <c:/Users/Paolo/Dropbox/Tesi/Presentazione/figures/folder_zip.png> <c:/Users/Paolo/Dropbox/Tesi/Presentazione/figures/verify.png>]
<figures/favicon.png, id=516, 513.92pt x 513.92pt>
File: figures/favicon.png Graphic file (type png)
<use figures/favicon.png>
Package pdftex.def Info: figures/favicon.png  used on input line 358.
(pdftex.def)             Requested size: 87.22366pt x 87.22409pt.
File: figures//favicon.png Graphic file (type png)
<use figures//favicon.png>
Package pdftex.def Info: figures//favicon.png  used on input line 358.
(pdftex.def)             Requested size: 28.44997pt x 28.45274pt.
 [14

 <c:/Users/Paolo/Dropbox/Tesi/Presentazione/figures/favicon.png>]
<figures/repo.pdf, id=550, 421.17351pt x 306.34451pt>
File: figures/repo.pdf Graphic file (type pdf)
<use figures/repo.pdf>
Package pdftex.def Info: figures/repo.pdf  used on input line 366.
(pdftex.def)             Requested size: 232.59499pt x 169.17714pt.
File: figures//favicon.png Graphic file (type png)
<use figures//favicon.png>
Package pdftex.def Info: figures//favicon.png  used on input line 366.
(pdftex.def)             Requested size: 28.44997pt x 28.45274pt.
 [15

 <c:/Users/Paolo/Dropbox/Tesi/Presentazione/figures/repo.pdf>]
<figures/activityDiag.pdf, id=599, 498.76138pt x 292.14847pt>
File: figures/activityDiag.pdf Graphic file (type pdf)
<use figures/activityDiag.pdf>
Package pdftex.def Info: figures/activityDiag.pdf  used on input line 374.
(pdftex.def)             Requested size: 290.74263pt x 170.30211pt.
File: figures//favicon.png Graphic file (type png)
<use figures//favicon.png>
Package pdftex.def Info: figures//favicon.png  used on input line 374.
(pdftex.def)             Requested size: 28.44997pt x 28.45274pt.
 [16

 <c:/Users/Paolo/Dropbox/Tesi/Presentazione/figures/activityDiag.pdf>]
<figures/stateDiag2.pdf, id=651, 551.76138pt x 209.68336pt>
File: figures/stateDiag2.pdf Graphic file (type pdf)
<use figures/stateDiag2.pdf>
Package pdftex.def Info: figures/stateDiag2.pdf  used on input line 384.
(pdftex.def)             Requested size: 290.74263pt x 110.48854pt.
File: figures//favicon.png Graphic file (type png)
<use figures//favicon.png>
Package pdftex.def Info: figures//favicon.png  used on input line 384.
(pdftex.def)             Requested size: 28.44997pt x 28.45274pt.
 [17

 <c:/Users/Paolo/Dropbox/Tesi/Presentazione/figures/stateDiag2.pdf>]
<figures/pineSU-architecture.pdf, id=713, 546.44153pt x 120.8515pt>
File: figures/pineSU-architecture.pdf Graphic file (type pdf)
<use figures/pineSU-architecture.pdf>
Package pdftex.def Info: figures/pineSU-architecture.pdf  used on input line 392.
(pdftex.def)             Requested size: 290.74263pt x 64.29993pt.
File: figures//favicon.png Graphic file (type png)
<use figures//favicon.png>
Package pdftex.def Info: figures//favicon.png  used on input line 392.
(pdftex.def)             Requested size: 28.44997pt x 28.45274pt.
 [18

 <c:/Users/Paolo/Dropbox/Tesi/Presentazione/figures/pineSU-architecture.pdf>]

LaTeX Font Warning: Font shape `OT1/cmss/bx/it' undefined
(Font)              using `OT1/cmss/b/it' instead on input line 405.


LaTeX Font Warning: Font shape `OT1/cmss/b/it' undefined
(Font)              using `OT1/cmss/b/n' instead on input line 405.

LaTeX Font Info:    Font shape `OT1/cmss/b/n' in size <10.95> not available
(Font)              Font shape `OT1/cmss/bx/n' tried instead on input line 405.

LaTeX Font Warning: Font shape `OT1/cmss/bx/it' undefined
(Font)              using `OT1/cmss/b/it' instead on input line 405.

LaTeX Font Info:    Font shape `OT1/cmss/b/it' in size <10.95> not available
(Font)              Font shape `OT1/cmss/bx/n' tried instead on input line 405.

LaTeX Font Warning: Font shape `OT1/cmss/bx/it' undefined
(Font)              using `OT1/cmss/b/it' instead on input line 405.


LaTeX Font Warning: Font shape `OT1/cmss/bx/it' undefined
(Font)              using `OT1/cmss/b/it' instead on input line 405.


LaTeX Font Warning: Font shape `OT1/cmss/bx/it' undefined
(Font)              using `OT1/cmss/b/it' instead on input line 405.

File: figures//favicon.png Graphic file (type png)
<use figures//favicon.png>
Package pdftex.def Info: figures//favicon.png  used on input line 405.
(pdftex.def)             Requested size: 28.44997pt x 28.45274pt.
[19

]
<figures/menu.jpg, id=816, 321.8424pt x 196.0926pt>
File: figures/menu.jpg Graphic file (type jpg)
<use figures/menu.jpg>
Package pdftex.def Info: figures/menu.jpg  used on input line 413.
(pdftex.def)             Requested size: 276.2046pt x 168.30122pt.
File: figures//favicon.png Graphic file (type png)
<use figures//favicon.png>
Package pdftex.def Info: figures//favicon.png  used on input line 413.
(pdftex.def)             Requested size: 28.44997pt x 28.45274pt.
 [20

 <c:/Users/Paolo/Dropbox/Tesi/Presentazione/figures/menu.jpg>]
File: figures//favicon.png Graphic file (type png)
<use figures//favicon.png>
Package pdftex.def Info: figures//favicon.png  used on input line 423.
(pdftex.def)             Requested size: 28.44997pt x 28.45274pt.
 [21

]

LaTeX Font Warning: Font shape `OT1/cmss/bx/it' undefined
(Font)              using `OT1/cmss/b/it' instead on input line 440.

<figures/sg1.pdf, id=879, 435.02524pt x 474.67337pt>
File: figures/sg1.pdf Graphic file (type pdf)
<use figures/sg1.pdf>
Package pdftex.def Info: figures/sg1.pdf  used on input line 440.
(pdftex.def)             Requested size: 145.3713pt x 158.62001pt.
File: figures//favicon.png Graphic file (type png)
<use figures//favicon.png>
Package pdftex.def Info: figures//favicon.png  used on input line 440.
(pdftex.def)             Requested size: 28.44997pt x 28.45274pt.
[22

 <c:/Users/Paolo/Dropbox/Tesi/Presentazione/figures/sg1.pdf>]

LaTeX Font Warning: Font shape `OT1/cmss/bx/it' undefined
(Font)              using `OT1/cmss/b/it' instead on input line 463.

<figures/mc1.pdf, id=954, 337.6615pt x 470.43454pt>
File: figures/mc1.pdf Graphic file (type pdf)
<use figures/mc1.pdf>
Package pdftex.def Info: figures/mc1.pdf  used on input line 463.
(pdftex.def)             Requested size: 116.29527pt x 162.02013pt.
File: figures//favicon.png Graphic file (type png)
<use figures//favicon.png>
Package pdftex.def Info: figures//favicon.png  used on input line 463.
(pdftex.def)             Requested size: 28.44997pt x 28.45274pt.
[23

 <c:/Users/Paolo/Dropbox/Tesi/Presentazione/figures/mc1.pdf>]
<figures/umlmc.pdf, id=1009, 483.84966pt x 450.8243pt>
File: figures/umlmc.pdf Graphic file (type pdf)
<use figures/umlmc.pdf>
Package pdftex.def Info: figures/umlmc.pdf  used on input line 470.
(pdftex.def)             Requested size: 218.05696pt x 203.17174pt.
File: figures//favicon.png Graphic file (type png)
<use figures//favicon.png>
Package pdftex.def Info: figures//favicon.png  used on input line 470.
(pdftex.def)             Requested size: 28.44997pt x 28.45274pt.
 [24

 <c:/Users/Paolo/Dropbox/Tesi/Presentazione/figures/umlmc.pdf>]
\openout4 = `Presentazione.vrb'.

 (c:/Users\Paolo\Dropbox\Tesi\Presentazione\Presentazione.vrb
LaTeX Font Info:    Font shape `OT1/cmtt/bx/n' in size <8> not available
(Font)              Font shape `OT1/cmtt/m/n' tried instead on input line 3.
)
File: figures//favicon.png Graphic file (type png)
<use figures//favicon.png>
Package pdftex.def Info: figures//favicon.png  used on input line 492.
(pdftex.def)             Requested size: 28.44997pt x 28.45274pt.
 [25

]
<figures/umlgc.pdf, id=1085, 234.68779pt x 155.4307pt>
File: figures/umlgc.pdf Graphic file (type pdf)
<use figures/umlgc.pdf>
Package pdftex.def Info: figures/umlgc.pdf  used on input line 499.
(pdftex.def)             Requested size: 247.133pt x 163.68137pt.
File: figures//favicon.png Graphic file (type png)
<use figures//favicon.png>
Package pdftex.def Info: figures//favicon.png  used on input line 499.
(pdftex.def)             Requested size: 28.44997pt x 28.45274pt.
 [26

 <c:/Users/Paolo/Dropbox/Tesi/Presentazione/figures/umlgc.pdf>]
<figures/umlec.pdf, id=1124, 305.81953pt x 107.43137pt>
File: figures/umlec.pdf Graphic file (type pdf)
<use figures/umlec.pdf>
Package pdftex.def Info: figures/umlec.pdf  used on input line 506.
(pdftex.def)             Requested size: 290.74263pt x 102.13625pt.
File: figures//favicon.png Graphic file (type png)
<use figures//favicon.png>
Package pdftex.def Info: figures//favicon.png  used on input line 506.
(pdftex.def)             Requested size: 28.44997pt x 28.45274pt.
 [27

 <c:/Users/Paolo/Dropbox/Tesi/Presentazione/figures/umlec.pdf>]
\openout4 = `Presentazione.vrb'.

 (c:/Users\Paolo\Dropbox\Tesi\Presentazione\Presentazione.vrb)
File: figures//favicon.png Graphic file (type png)
<use figures//favicon.png>
Package pdftex.def Info: figures//favicon.png  used on input line 526.
(pdftex.def)             Requested size: 28.44997pt x 28.45274pt.
 [28

]
\openout4 = `Presentazione.vrb'.

 (c:/Users\Paolo\Dropbox\Tesi\Presentazione\Presentazione.vrb)
File: figures//favicon.png Graphic file (type png)
<use figures//favicon.png>
Package pdftex.def Info: figures//favicon.png  used on input line 544.
(pdftex.def)             Requested size: 28.44997pt x 28.45274pt.
 [29

]
File: figures//favicon.png Graphic file (type png)
<use figures//favicon.png>
Package pdftex.def Info: figures//favicon.png  used on input line 557.
(pdftex.def)             Requested size: 28.44997pt x 28.45274pt.
 [30

]
\openout4 = `Presentazione.vrb'.

 (c:/Users\Paolo\Dropbox\Tesi\Presentazione\Presentazione.vrb
<figures/uuo.pdf, id=1256, 402.90524pt x 96.7615pt>
File: figures/uuo.pdf Graphic file (type pdf)
<use figures/uuo.pdf>
Package pdftex.def Info: figures/uuo.pdf  used on input line 3.
(pdftex.def)             Requested size: 232.59499pt x 55.86037pt.
<figures/create.pdf, id=1257, 129.88524pt x 139.57848pt>
File: figures/create.pdf Graphic file (type pdf)
<use figures/create.pdf>
Package pdftex.def Info: figures/create.pdf  used on input line 8.
(pdftex.def)             Requested size: 93.03656pt x 99.981pt.
)
File: figures//favicon.png Graphic file (type png)
<use figures//favicon.png>
Package pdftex.def Info: figures//favicon.png  used on input line 587.
(pdftex.def)             Requested size: 28.44997pt x 28.45274pt.
 [31

 <c:/Users/Paolo/Dropbox/Tesi/Presentazione/figures/uuo.pdf> <c:/Users/Paolo/Dropbox/Tesi/Presentazione/figures/create.pdf>]
\openout4 = `Presentazione.vrb'.

 (c:/Users\Paolo\Dropbox\Tesi\Presentazione\Presentazione.vrb
<figures/sync.pdf, id=1319, 353.72049pt x 97.76526pt>
File: figures/sync.pdf Graphic file (type pdf)
<use figures/sync.pdf>
Package pdftex.def Info: figures/sync.pdf  used on input line 3.
(pdftex.def)             Requested size: 232.59499pt x 64.28656pt.
<figures/uso.pdf, id=1320, 175.04094pt x 64.6415pt>
File: figures/uso.pdf Graphic file (type pdf)
<use figures/uso.pdf>
Package pdftex.def Info: figures/uso.pdf  used on input line 23.
(pdftex.def)             Requested size: 116.29527pt x 42.94658pt.
)
File: figures//favicon.png Graphic file (type png)
<use figures//favicon.png>
Package pdftex.def Info: figures//favicon.png  used on input line 616.
(pdftex.def)             Requested size: 28.44997pt x 28.45274pt.
 [32

 <c:/Users/Paolo/Dropbox/Tesi/Presentazione/figures/sync.pdf> <c:/Users/Paolo/Dropbox/Tesi/Presentazione/figures/uso.pdf>]
\openout4 = `Presentazione.vrb'.

 (c:/Users\Paolo\Dropbox\Tesi\Presentazione\Presentazione.vrb
<figures/blocks.png, id=1381, 417.05812pt x 172.39406pt>
File: figures/blocks.png Graphic file (type png)
<use figures/blocks.png>
Package pdftex.def Info: figures/blocks.png  used on input line 5.
(pdftex.def)             Requested size: 145.3713pt x 60.09155pt.
<figures/block.png, id=1382, 569.87906pt x 267.24844pt>
File: figures/block.png Graphic file (type png)
<use figures/block.png>
Package pdftex.def Info: figures/block.png  used on input line 9.
(pdftex.def)             Requested size: 145.3713pt x 68.16988pt.
<figures/block2.png, id=1383, 328.22626pt x 154.32657pt>
File: figures/block2.png Graphic file (type png)
<use figures/block2.png>
Package pdftex.def Info: figures/block2.png  used on input line 15.
(pdftex.def)             Requested size: 145.3713pt x 68.3513pt.
)
File: figures//favicon.png Graphic file (type png)
<use figures//favicon.png>
Package pdftex.def Info: figures//favicon.png  used on input line 647.
(pdftex.def)             Requested size: 28.44997pt x 28.45274pt.
 [33

 <c:/Users/Paolo/Dropbox/Tesi/Presentazione/figures/blocks.png> <c:/Users/Paolo/Dropbox/Tesi/Presentazione/figures/block.png> <c:/Users/Paolo/Dropbox/Tesi/Presentazione/figures/block2.png>]
\openout4 = `Presentazione.vrb'.

 (c:/Users\Paolo\Dropbox\Tesi\Presentazione\Presentazione.vrb
<figures/closed.pdf, id=1418, 353.72049pt x 113.32338pt>
File: figures/closed.pdf Graphic file (type pdf)
<use figures/closed.pdf>
Package pdftex.def Info: figures/closed.pdf  used on input line 3.
(pdftex.def)             Requested size: 232.59499pt x 74.51698pt.
<figures/usc.pdf, id=1419, 175.04094pt x 49.08337pt>
File: figures/usc.pdf Graphic file (type pdf)
<use figures/usc.pdf>
Package pdftex.def Info: figures/usc.pdf  used on input line 8.
(pdftex.def)             Requested size: 116.29527pt x 32.61006pt.
)
File: figures//favicon.png Graphic file (type png)
<use figures//favicon.png>
Package pdftex.def Info: figures//favicon.png  used on input line 673.
(pdftex.def)             Requested size: 28.44997pt x 28.45274pt.
 [34

 <c:/Users/Paolo/Dropbox/Tesi/Presentazione/figures/closed.pdf> <c:/Users/Paolo/Dropbox/Tesi/Presentazione/figures/usc.pdf>]
\openout4 = `Presentazione.vrb'.

 (c:/Users\Paolo\Dropbox\Tesi\Presentazione\Presentazione.vrb
<figures/export.pdf, id=1480, 177.0605pt x 65.14337pt>
File: figures/export.pdf Graphic file (type pdf)
<use figures/export.pdf>
Package pdftex.def Info: figures/export.pdf  used on input line 3.
(pdftex.def)             Requested size: 174.44734pt x 64.18596pt.
)
File: figures//favicon.png Graphic file (type png)
<use figures//favicon.png>
Package pdftex.def Info: figures//favicon.png  used on input line 689.
(pdftex.def)             Requested size: 28.44997pt x 28.45274pt.
 [35

 <c:/Users/Paolo/Dropbox/Tesi/Presentazione/figures/export.pdf>]
\openout4 = `Presentazione.vrb'.

 (c:/Users\Paolo\Dropbox\Tesi\Presentazione\Presentazione.vrb
<figures/verify.pdf, id=1519, 161.0015pt x 65.14337pt>
File: figures/verify.pdf Graphic file (type pdf)
<use figures/verify.pdf>
Package pdftex.def Info: figures/verify.pdf  used on input line 3.
(pdftex.def)             Requested size: 174.44734pt x 70.58337pt.
)
File: figures//favicon.png Graphic file (type png)
<use figures//favicon.png>
Package pdftex.def Info: figures//favicon.png  used on input line 707.
(pdftex.def)             Requested size: 28.44997pt x 28.45274pt.
 [36

 <c:/Users/Paolo/Dropbox/Tesi/Presentazione/figures/verify.pdf>]
<figures/node.png, id=1558, 361.35pt x 361.35pt>
File: figures/node.png Graphic file (type png)
<use figures/node.png>
Package pdftex.def Info: figures/node.png  used on input line 732.
(pdftex.def)             Requested size: 87.22366pt x 87.222pt.
File: figures//favicon.png Graphic file (type png)
<use figures//favicon.png>
Package pdftex.def Info: figures//favicon.png  used on input line 732.
(pdftex.def)             Requested size: 28.44997pt x 28.45274pt.
 [37

 <c:/Users/Paolo/Dropbox/Tesi/Presentazione/figures/node.png>]
<figures/web3.jpg, id=1593, 675.19385pt x 574.11693pt>
File: figures/web3.jpg Graphic file (type jpg)
<use figures/web3.jpg>
Package pdftex.def Info: figures/web3.jpg  used on input line 763.
(pdftex.def)             Requested size: 87.22366pt x 74.16476pt.
<figures/gitfw.png, id=1594, 281.05pt x 281.05pt>
File: figures/gitfw.png Graphic file (type png)
<use figures/gitfw.png>
Package pdftex.def Info: figures/gitfw.png  used on input line 763.
(pdftex.def)             Requested size: 65.41774pt x 65.41635pt.
File: figures//favicon.png Graphic file (type png)
<use figures//favicon.png>
Package pdftex.def Info: figures//favicon.png  used on input line 763.
(pdftex.def)             Requested size: 28.44997pt x 28.45274pt.
 [38

 <c:/Users/Paolo/Dropbox/Tesi/Presentazione/figures/web3.jpg> <c:/Users/Paolo/Dropbox/Tesi/Presentazione/figures/gitfw.png>]
<figures/inquirer.png, id=1626, 188.705pt x 188.705pt>
File: figures/inquirer.png Graphic file (type png)
<use figures/inquirer.png>
Package pdftex.def Info: figures/inquirer.png  used on input line 794.
(pdftex.def)             Requested size: 65.41774pt x 65.41714pt.
<figures/zip.png, id=1627, 513.92pt x 513.92pt>
File: figures/zip.png Graphic file (type png)
<use figures/zip.png>
Package pdftex.def Info: figures/zip.png  used on input line 794.
(pdftex.def)             Requested size: 71.63905pt x 71.63463pt.
File: figures//favicon.png Graphic file (type png)
<use figures//favicon.png>
Package pdftex.def Info: figures//favicon.png  used on input line 794.
(pdftex.def)             Requested size: 28.44997pt x 28.45274pt.
 [39

 <c:/Users/Paolo/Dropbox/Tesi/Presentazione/figures/inquirer.png> <c:/Users/Paolo/Dropbox/Tesi/Presentazione/figures/zip.png>]
File: figures//favicon.png Graphic file (type png)
<use figures//favicon.png>
Package pdftex.def Info: figures//favicon.png  used on input line 810.
(pdftex.def)             Requested size: 28.44997pt x 28.45274pt.
 [40

]
File: figures//favicon.png Graphic file (type png)
<use figures//favicon.png>
Package pdftex.def Info: figures//favicon.png  used on input line 815.
(pdftex.def)             Requested size: 28.44997pt x 28.45274pt.
 [41

]
<figures//cent.png, id=1722, 513.92pt x 513.92pt>
File: figures//cent.png Graphic file (type png)
<use figures//cent.png>
Package pdftex.def Info: figures//cent.png  used on input line 858.
(pdftex.def)             Requested size: 91.58488pt x 91.5841pt.
File: figures//favicon.png Graphic file (type png)
<use figures//favicon.png>
Package pdftex.def Info: figures//favicon.png  used on input line 858.
(pdftex.def)             Requested size: 28.44997pt x 28.45274pt.
 [42

 <c:/Users/Paolo/Dropbox/Tesi/Presentazione/figures//cent.png>]
<figures//dece.jpg, id=1754, 1084.05pt x 580.1675pt>
File: figures//dece.jpg Graphic file (type jpg)
<use figures//dece.jpg>
Package pdftex.def Info: figures//dece.jpg  used on input line 871.
(pdftex.def)             Requested size: 203.51895pt x 108.91393pt.
File: figures//favicon.png Graphic file (type png)
<use figures//favicon.png>
Package pdftex.def Info: figures//favicon.png  used on input line 871.
(pdftex.def)             Requested size: 28.44997pt x 28.45274pt.
 [43

 <c:/Users/Paolo/Dropbox/Tesi/Presentazione/figures//dece.jpg>]
\tf@nav=\write6
\openout6 = `Presentazione.nav'.

\tf@toc=\write7
\openout7 = `Presentazione.toc'.

\tf@snm=\write8
\openout8 = `Presentazione.snm'.

 (c:/Users\Paolo\Dropbox\Tesi\Presentazione\Presentazione.aux)

LaTeX Font Warning: Some font shapes were not available, defaults substituted.

Package rerunfilecheck Info: File `Presentazione.out' has not changed.
(rerunfilecheck)             Checksum: 05BB909CC7A8B41151DA06B24A1917E5;610.
 ) 
Here is how much of TeX's memory you used:
 24010 strings out of 479334
 437082 string characters out of 2857084
 917537 words of memory out of 3000000
 40808 multiletter control sequences out of 15000+200000
 411471 words of font info for 56 fonts, out of 3000000 for 9000
 1141 hyphenation exceptions out of 8191
 131i,20n,132p,1083b,1578s stack positions out of 5000i,500n,10000p,200000b,50000s
<C:/Users/Paolo/AppData/Local/Programs/MiKTeX/fonts/type1/public/amsfonts/cm/cmbx10.pfb><C:/Users/Paolo/AppData/Local/Programs/MiKTeX/fonts/type1/public/amsfonts/cm/cmr10.pfb><C:/Users/Paolo/AppData/Local/Programs/MiKTeX/fonts/type1/public/amsfonts/cm/cmss10.pfb><C:/Users/Paolo/AppData/Local/Programs/MiKTeX/fonts/type1/public/amsfonts/cm/cmss12.pfb><C:/Users/Paolo/AppData/Local/Programs/MiKTeX/fonts/type1/public/amsfonts/cm/cmss8.pfb><C:/Users/Paolo/AppData/Local/Programs/MiKTeX/fonts/type1/public/amsfonts/cm/cmssbx10.pfb><C:/Users/Paolo/AppData/Local/Programs/MiKTeX/fonts/type1/public/amsfonts/cm/cmssi10.pfb><C:/Users/Paolo/AppData/Local/Programs/MiKTeX/fonts/type1/public/amsfonts/cm/cmtt8.pfb>
Output written on c:/Users\Paolo\Dropbox\Tesi\Presentazione\Presentazione.pdf (43 pages, 2411315 bytes).
PDF statistics:
 1833 PDF objects out of 2073 (max. 8388607)
 92 named destinations out of 1000 (max. 500000)
 318 words of extra memory for PDF output out of 10000 (max. 10000000)

